<?xml version="1.0" encoding="UTF-8"?>
<!-- Generated by org.testng.reporters.JUnitReportReporter -->
<testsuite hostname="DESKTOP-SSNF0DJ" failures="0" tests="3" name="Tutorial1.Deomo2" time="0.017" errors="0" timestamp="2022-04-27T12:13:36 IST" skipped="0">
  <testcase classname="Tutorial1.Deomo2" name="testa" time="0.010"/>
  <system-out/>
  <testcase classname="Tutorial1.Deomo2" name="testp" time="0.002"/>
  <system-out/>
  <testcase classname="Tutorial1.Deomo2" name="testz" time="0.005"/>
  <system-out/>
</testsuite> <!-- Tutorial1.Deomo2 -->
