<?xml version="1.0" encoding="UTF-8"?>
<!-- Generated by org.testng.reporters.JUnitReportReporter -->
<testsuite hostname="DESKTOP-SSNF0DJ" failures="0" tests="4" name="Tutorial2.Demo" time="0.009" errors="0" timestamp="2022-04-28T17:03:50 IST" skipped="0">
  <testcase classname="Tutorial2.Demo" name="searchPage" time="0.001"/>
  <system-out/>
  <testcase classname="Tutorial2.Demo" name="adminPage" time="0.006"/>
  <system-out/>
  <testcase classname="Tutorial2.Demo" name="loginPage" time="0.001"/>
  <system-out/>
  <testcase classname="Tutorial2.Demo" name="homePage" time="0.001"/>
  <system-out/>
</testsuite> <!-- Tutorial2.Demo -->
