<?xml version="1.0" encoding="UTF-8"?>
<!-- Generated by org.testng.reporters.JUnitReportReporter -->
<testsuite hostname="DESKTOP-SSNF0DJ" failures="0" tests="3" name="Tutorial1.Demo5" time="0.016" errors="0" timestamp="2022-04-27T13:55:40 IST" skipped="0">
  <testcase classname="Tutorial1.Demo5" name="loginPage" time="0.006"/>
  <system-out/>
  <testcase classname="Tutorial1.Demo5" name="homePage" time="0.002"/>
  <system-out/>
  <testcase classname="Tutorial1.Demo5" name="pimPage" time="0.008"/>
  <system-out/>
</testsuite> <!-- Tutorial1.Demo5 -->
