<?xml version="1.0" encoding="UTF-8"?>
<!-- Generated by org.testng.reporters.JUnitReportReporter -->
<testsuite hostname="DESKTOP-SSNF0DJ" failures="0" tests="3" name="Tutorial2.Demo1" time="0.003" errors="0" timestamp="2022-04-28T17:03:50 IST" skipped="0">
  <testcase classname="Tutorial2.Demo1" name="abc" time="0.001"/>
  <system-out/>
  <testcase classname="Tutorial2.Demo1" name="searchPage" time="0.001"/>
  <system-out/>
  <testcase classname="Tutorial2.Demo1" name="adminPage" time="0.001"/>
  <system-out/>
</testsuite> <!-- Tutorial2.Demo1 -->
