<?xml version="1.0" encoding="UTF-8"?>
<!-- Generated by org.testng.reporters.JUnitReportReporter -->
<testsuite hostname="DESKTOP-SSNF0DJ" failures="0" tests="3" name="Tutorial1.Demo3" time="0.014" errors="0" timestamp="2022-04-27T12:21:57 IST" skipped="0">
  <testcase classname="Tutorial1.Demo3" name="login" time="0.009"/>
  <system-out/>
  <testcase classname="Tutorial1.Demo3" name="logout" time="0.003"/>
  <system-out/>
  <testcase classname="Tutorial1.Demo3" name="search" time="0.002"/>
  <system-out/>
</testsuite> <!-- Tutorial1.Demo3 -->
